100
0
	First0 Last0
	1900
	90000
	
1
	First1 Last1
	1901
	90101
	3 3 3 3 3 3 3 3 3 3 3 3 3 3 3 3 3 3 3 3 3 3 3 3 3 3 3 3 3 3 3 3 3 3 3 3 3 3 3 3 3 3 3 3 3 3 3 3 3 3 3 3 3 3 3 3 3 3 3 3 3 3 3 3 3 3 3 3 3 3 3 3 3 3 3 3 3 3 3 3 3 3 3 3 3 3 3 3 3 3 3 3 3 3 3 3 3 3 
2
	First2 Last2
	1902
	90202
	6 6 6 6 6 6 6 6 6 6 6 6 6 6 6 6 6 6 6 6 6 6 6 6 6 6 6 6 6 6 6 6 6 6 6 6 6 6 6 6 6 6 6 6 6 6 6 6 6 
3
	First3 Last3
	1903
	90303
	12 12 12 12 12 12 12 12 12 12 12 12 12 12 12 12 12 12 12 12 12 12 12 12 12 12 12 12 12 12 12 12 12 
4
	First4 Last4
	1904
	90404
	16 16 16 16 16 16 16 16 16 16 16 16 16 16 16 16 16 16 16 16 16 16 16 16 16 
5
	First5 Last5
	1905
	90505
	30 30 30 30 30 30 30 30 30 30 30 30 30 30 30 30 30 30 30 
6
	First6 Last6
	1906
	90606
	30 30 30 30 30 30 30 30 30 30 30 30 30 30 30 30 30 30 
7
	First7 Last7
	1907
	90707
	56 56 56 56 56 56 56 56 56 56 56 56 56 56 
8
	First8 Last8
	1908
	90808
	56 56 56 56 56 56 56 56 56 56 56 56 56 56 
9
	First9 Last9
	1909
	90909
	81 81 81 81 81 81 81 81 81 81 81 81 
10
	First10 Last10
	1910
	91010
	90 90 90 90 90 90 90 90 90 90 90 
11
	First11 Last11
	1911
	91111
	0 0 0 0 0 0 0 0 0 
12
	First12 Last12
	1912
	91212
	1936877894 1936877894 1936877894 1936877894 1936877894 1936877894 1936877894 1936877894 1936877894 1936877894 1936877894 1936877894 
13
	First13 Last13
	1913
	91313
	2 2 2 2 2 2 2 
14
	First14 Last14
	1914
	91414
	0 0 0 0 0 0 0 0 0 
15
	First15 Last15
	1915
	91515
	28 28 28 28 28 28 28 28 
16
	First16 Last16
	1916
	91616
	14 14 14 14 14 14 14 14 14 
17
	First17 Last17
	1917
	91717
	0 0 0 0 0 
18
	First18 Last18
	1918
	91818
	81 81 81 81 81 81 81 81 81 
19
	First19 Last19
	1919
	91919
	16 16 16 16 16 
20
	First20 Last20
	1920
	92020
	1953718604 1953718604 1953718604 1953718604 1953718604 1953718604 1953718604 1953718604 
21
	First21 Last21
	1921
	92121
	0 0 0 0 0 0 
22
	First22 Last22
	1922
	92222
	37964776 37964776 37964776 37964776 37964776 37964776 
23
	First23 Last23
	1923
	92323
	0 0 0 0 
24
	First24 Last24
	1924
	92424
	6 6 6 6 6 6 6 6 6 6 
25
	First25 Last25
	1925
	92525
	11 11 11 11 
26
	First26 Last26
	1926
	92626
	3 3 3 3 3 
27
	First27 Last27
	1927
	92727
	0 0 0 0 0 
28
	First28 Last28
	1928
	92828
	42 42 42 42 42 42 42 
29
	First29 Last29
	1929
	92929
	0 0 0 
30
	First30 Last30
	1930
	93030
	49 49 49 49 49 49 49 49 49 
31
	First31 Last31
	1931
	93131
	0 0 0 
32
	First32 Last32
	1932
	93232
	96 96 96 96 96 96 96 
33
	First33 Last33
	1933
	93333
	0 0 0 0 0 
34
	First34 Last34
	1934
	93434
	4 4 4 4 
35
	First35 Last35
	1935
	93535
	0 0 0 0 
36
	First36 Last36
	1936
	93636
	0 0 0 0 0 0 0 0 0 
37
	First37 Last37
	1937
	93737
	7 7 
38
	First38 Last38
	1938
	93838
	33 33 33 33 
39
	First39 Last39
	1939
	93939
	0 0 0 0 
40
	First40 Last40
	1940
	94040
	1953718604 1953718604 1953718604 1953718604 1953718604 1953718604 1953718604 1953718604 
41
	First41 Last41
	1941
	94141
	32573 32573 
42
	First42 Last42
	1942
	94242
	49 49 49 49 49 49 49 49 
43
	First43 Last43
	1943
	94343
	32573 32573 
44
	First44 Last44
	1944
	94444
	1936877894 1936877894 1936877894 1936877894 1936877894 1936877894 
45
	First45 Last45
	1945
	94545
	2 2 2 2 2 2 
46
	First46 Last46
	1946
	94646
	32 32 32 32 
47
	First47 Last47
	1947
	94747
	0 0 
48
	First48 Last48
	1948
	94848
	24 24 24 24 24 24 24 24 24 24 
49
	First49 Last49
	1949
	94949
	0 0 0 
50
	First50 Last50
	1950
	95050
	4 4 4 4 4 
51
	First51 Last51
	1951
	95151
	32573 32573 32573 
52
	First52 Last52
	1952
	95252
	21 21 21 21 21 
53
	First53 Last53
	1953
	95353
	0 
54
	First54 Last54
	1954
	95454
	90 90 90 90 90 90 90 
55
	First55 Last55
	1955
	95555
	0 0 0 
56
	First56 Last56
	1956
	95656
	1 1 1 1 1 1 1 
57
	First57 Last57
	1957
	95757
	0 0 0 
58
	First58 Last58
	1958
	95858
	37959456 37959456 37959456 
59
	First59 Last59
	1959
	95959
	5 
60
	First60 Last60
	1960
	96060
	14 14 14 14 14 14 14 14 14 14 14 
61
	First61 Last61
	1961
	96161
	23 
62
	First62 Last62
	1962
	96262
	33 33 33 
63
	First63 Last63
	1963
	96363
	76 76 76 76 76 
64
	First64 Last64
	1964
	96464
	14 14 14 14 14 14 
65
	First65 Last65
	1965
	96565
	5 5 5 
66
	First66 Last66
	1966
	96666
	4 4 4 4 4 4 4 
67
	First67 Last67
	1967
	96767
	0 
68
	First68 Last68
	1968
	96868
	0 0 0 0 0 
69
	First69 Last69
	1969
	96969
	0 0 0 
70
	First70 Last70
	1970
	97070
	33 33 33 33 33 33 33 
71
	First71 Last71
	1971
	97171
	32573 
72
	First72 Last72
	1972
	97272
	1953718604 1953718604 1953718604 1953718604 1953718604 1953718604 1953718604 1953718604 1953718604 1953718604 1953718604 
73
	First73 Last73
	1973
	97373
	0 
74
	First74 Last74
	1974
	97474
	-180802696 -180802696 -180802696 
75
	First75 Last75
	1975
	97575
	84 84 84 84 84 
76
	First76 Last76
	1976
	97676
	37959488 37959488 37959488 37959488 37959488 
77
	First77 Last77
	1977
	97777
	55 55 55 
78
	First78 Last78
	1978
	97878
	4 4 4 4 4 4 4 
79
	First79 Last79
	1979
	97979
	0 
80
	First80 Last80
	1980
	98080
	0 0 0 0 0 0 0 0 0 
81
	First81 Last81
	1981
	98181
	32573 32573 32573 32573 
82
	First82 Last82
	1982
	98282
	9 9 9 
83
	First83 Last83
	1983
	98383
	32573 
84
	First84 Last84
	1984
	98484
	1953718604 1953718604 1953718604 1953718604 1953718604 1953718604 1953718604 1953718604 1953718604 1953718604 1953718604 
85
	First85 Last85
	1985
	98585
	32573 32573 32573 
86
	First86 Last86
	1986
	98686
	33 33 33 
87
	First87 Last87
	1987
	98787
	32573 32573 32573 
88
	First88 Last88
	1988
	98888
	0 0 0 0 0 0 0 
89
	First89 Last89
	1989
	98989
	0 
90
	First90 Last90
	1990
	99090
	81 81 81 81 81 81 81 81 81 81 81 
91
	First91 Last91
	1991
	99191
	23 23 23 
92
	First92 Last92
	1992
	99292
	37963552 37963552 37963552 37963552 37963552 
93
	First93 Last93
	1993
	99393
	0 0 0 
94
	First94 Last94
	1994
	99494
	32 32 32 
95
	First95 Last95
	1995
	99595
	5 5 5 
96
	First96 Last96
	1996
	99696
	72 72 72 72 72 72 72 72 72 72 72 
97
	First97 Last97
	1997
	99797
	60 
98
	First98 Last98
	1998
	99898
	4 4 4 4 4 
99
	First99 Last99
	1999
	99999
	0 0 0 0 0 
